  OneLvPixMix.cpp
F:\VR\OpenXR\OpenXR-OpenGL-Example\build\packages\opencv\build\include\opencv2/objdetect/aruco_board.hpp(1,1): warning C4819: 该文件包含不能在当前代码页(936)中表示的字符。请将该文件保存为 Unicode 格式以防止数据丢失
  PixMix.cpp
F:\VR\OpenXR\OpenXR-OpenGL-Example\build\packages\opencv\build\include\opencv2/objdetect/aruco_board.hpp(1,1): warning C4819: 该文件包含不能在当前代码页(936)中表示的字符。请将该文件保存为 Unicode 格式以防止数据丢失
  正在生成代码...
  OpenXROpenGLExample.vcxproj -> F:\VR\OpenXR\OpenXR-OpenGL-model\build\Release\OpenXROpenGLExample.exe
  F:\VR\OpenXR\OpenXR-OpenGL-model\build\..\shaders\basic.frag
  F:\VR\OpenXR\OpenXR-OpenGL-model\build\..\shaders\basic.vert
  F:\VR\OpenXR\OpenXR-OpenGL-model\build\..\shaders\quad.frag
  F:\VR\OpenXR\OpenXR-OpenGL-model\build\..\shaders\quad.vert
  F:\VR\OpenXR\OpenXR-OpenGL-model\build\..\shaders\rtt.frag
  F:\VR\OpenXR\OpenXR-OpenGL-model\build\..\shaders\rtt.geom
  F:\VR\OpenXR\OpenXR-OpenGL-model\build\..\shaders\rtt.vert
  F:\VR\OpenXR\OpenXR-OpenGL-model\build\..\shaders\scene1.frag
  F:\VR\OpenXR\OpenXR-OpenGL-model\build\..\shaders\scene1.vert
  F:\VR\OpenXR\OpenXR-OpenGL-model\build\..\shaders\scene2.frag
  F:\VR\OpenXR\OpenXR-OpenGL-model\build\..\shaders\scene2.vert
  F:\VR\OpenXR\OpenXR-OpenGL-model\build\..\shaders\skybox.frag
  F:\VR\OpenXR\OpenXR-OpenGL-model\build\..\shaders\skybox.vert
  复制了 13 个文件
